2017-01-06 14:43:22,794 DEBUG    root            Metrics collector initialized...
2017-01-06 14:43:22,798 DEBUG    root            Loaded Command Group: ['gcloud', 'components']
2017-01-06 14:43:22,802 DEBUG    root            Loaded Command Group: ['gcloud', 'components', 'list']
2017-01-06 14:43:22,803 DEBUG    root            Running gcloud.components.list with Namespace(__calliope_internal_deepest_parser=ArgumentParser(prog='gcloud.components.list', usage=None, description='List all components in the Cloud SDK and provide information such as whether\nthe component is installed on the local workstation, whether a newer version\nis available, the size of the component, and the ID used to refer to the\ncomponent in commands.', version=None, formatter_class=<class 'argparse.HelpFormatter'>, conflict_handler='error', add_help=False), account=None, architecture_override=None, authority_selector=None, authorization_token_file=None, calliope_command=<googlecloudsdk.calliope.backend.Command object at 0x10c01c710>, command_path=['gcloud', 'components', 'list'], configuration=None, credential_file_override=None, document=None, filter=None, flatten=None, format=None, h=None, help=None, http_timeout=None, limit=None, log_http=None, operating_system_override=None, project=None, quiet=True, sdk_root_override=None, show_versions=False, snapshot_url_override=None, sort_by=None, trace_email=None, trace_log=None, trace_token=None, user_output_enabled=None, verbosity='warning', version=None).
2017-01-06 14:43:22,804 INFO     root            Display format "table[box,title="Components"](state.name:label=Status,name:label=Name,id:label=ID,size.size(zero="",min=1048576):label=Size:align=right)".
2017-01-06 14:43:23,581 INFO     ___FILE_ONLY___ 
Your current Cloud SDK version is: 138.0.0

2017-01-06 14:43:23,581 INFO     ___FILE_ONLY___ The latest available version is: 138.0.0

2017-01-06 14:43:23,582 INFO     ___FILE_ONLY___ 

2017-01-06 14:43:23,586 INFO     ___FILE_ONLY___ ┌─────────────────────────────────────────────────────────────────────────────────────────────────────────────┐
2017-01-06 14:43:23,586 INFO     ___FILE_ONLY___ 

2017-01-06 14:43:23,587 INFO     ___FILE_ONLY___ │                                                  Components                                                 │
2017-01-06 14:43:23,587 INFO     ___FILE_ONLY___ 

2017-01-06 14:43:23,587 INFO     ___FILE_ONLY___ ├───────────────┬──────────────────────────────────────────────────────┬──────────────────────────┬───────────┤
2017-01-06 14:43:23,587 INFO     ___FILE_ONLY___ 

2017-01-06 14:43:23,587 INFO     ___FILE_ONLY___ │     Status    │                         Name                         │            ID            │    Size   │
2017-01-06 14:43:23,587 INFO     ___FILE_ONLY___ 

2017-01-06 14:43:23,587 INFO     ___FILE_ONLY___ ├───────────────┼──────────────────────────────────────────────────────┼──────────────────────────┼───────────┤
2017-01-06 14:43:23,587 INFO     ___FILE_ONLY___ 

2017-01-06 14:43:23,587 INFO     ___FILE_ONLY___ │ 
2017-01-06 14:43:23,587 INFO     ___FILE_ONLY___ Not Installed
2017-01-06 14:43:23,587 INFO     ___FILE_ONLY___  
2017-01-06 14:43:23,587 INFO     ___FILE_ONLY___ │ 
2017-01-06 14:43:23,587 INFO     ___FILE_ONLY___ App Engine Go Extensions                            
2017-01-06 14:43:23,588 INFO     ___FILE_ONLY___  
2017-01-06 14:43:23,588 INFO     ___FILE_ONLY___ │ 
2017-01-06 14:43:23,588 INFO     ___FILE_ONLY___ app-engine-go           
2017-01-06 14:43:23,588 INFO     ___FILE_ONLY___  
2017-01-06 14:43:23,588 INFO     ___FILE_ONLY___ │ 
2017-01-06 14:43:23,588 INFO     ___FILE_ONLY___  47.7 MiB
2017-01-06 14:43:23,588 INFO     ___FILE_ONLY___  
2017-01-06 14:43:23,588 INFO     ___FILE_ONLY___ │
2017-01-06 14:43:23,588 INFO     ___FILE_ONLY___ 

2017-01-06 14:43:23,588 INFO     ___FILE_ONLY___ │ 
2017-01-06 14:43:23,588 INFO     ___FILE_ONLY___ Not Installed
2017-01-06 14:43:23,588 INFO     ___FILE_ONLY___  
2017-01-06 14:43:23,588 INFO     ___FILE_ONLY___ │ 
2017-01-06 14:43:23,588 INFO     ___FILE_ONLY___ Cloud Datastore Emulator                            
2017-01-06 14:43:23,588 INFO     ___FILE_ONLY___  
2017-01-06 14:43:23,588 INFO     ___FILE_ONLY___ │ 
2017-01-06 14:43:23,589 INFO     ___FILE_ONLY___ cloud-datastore-emulator
2017-01-06 14:43:23,589 INFO     ___FILE_ONLY___  
2017-01-06 14:43:23,589 INFO     ___FILE_ONLY___ │ 
2017-01-06 14:43:23,589 INFO     ___FILE_ONLY___  15.4 MiB
2017-01-06 14:43:23,589 INFO     ___FILE_ONLY___  
2017-01-06 14:43:23,589 INFO     ___FILE_ONLY___ │
2017-01-06 14:43:23,589 INFO     ___FILE_ONLY___ 

2017-01-06 14:43:23,589 INFO     ___FILE_ONLY___ │ 
2017-01-06 14:43:23,589 INFO     ___FILE_ONLY___ Not Installed
2017-01-06 14:43:23,589 INFO     ___FILE_ONLY___  
2017-01-06 14:43:23,589 INFO     ___FILE_ONLY___ │ 
2017-01-06 14:43:23,589 INFO     ___FILE_ONLY___ Cloud Datastore Emulator (Legacy)                   
2017-01-06 14:43:23,589 INFO     ___FILE_ONLY___  
2017-01-06 14:43:23,589 INFO     ___FILE_ONLY___ │ 
2017-01-06 14:43:23,590 INFO     ___FILE_ONLY___ gcd-emulator            
2017-01-06 14:43:23,590 INFO     ___FILE_ONLY___  
2017-01-06 14:43:23,590 INFO     ___FILE_ONLY___ │ 
2017-01-06 14:43:23,590 INFO     ___FILE_ONLY___  38.1 MiB
2017-01-06 14:43:23,590 INFO     ___FILE_ONLY___  
2017-01-06 14:43:23,590 INFO     ___FILE_ONLY___ │
2017-01-06 14:43:23,590 INFO     ___FILE_ONLY___ 

2017-01-06 14:43:23,590 INFO     ___FILE_ONLY___ │ 
2017-01-06 14:43:23,590 INFO     ___FILE_ONLY___ Not Installed
2017-01-06 14:43:23,590 INFO     ___FILE_ONLY___  
2017-01-06 14:43:23,590 INFO     ___FILE_ONLY___ │ 
2017-01-06 14:43:23,590 INFO     ___FILE_ONLY___ Cloud Pub/Sub Emulator                              
2017-01-06 14:43:23,590 INFO     ___FILE_ONLY___  
2017-01-06 14:43:23,590 INFO     ___FILE_ONLY___ │ 
2017-01-06 14:43:23,590 INFO     ___FILE_ONLY___ pubsub-emulator         
2017-01-06 14:43:23,590 INFO     ___FILE_ONLY___  
2017-01-06 14:43:23,591 INFO     ___FILE_ONLY___ │ 
2017-01-06 14:43:23,591 INFO     ___FILE_ONLY___  16.3 MiB
2017-01-06 14:43:23,591 INFO     ___FILE_ONLY___  
2017-01-06 14:43:23,591 INFO     ___FILE_ONLY___ │
2017-01-06 14:43:23,591 INFO     ___FILE_ONLY___ 

2017-01-06 14:43:23,591 INFO     ___FILE_ONLY___ │ 
2017-01-06 14:43:23,591 INFO     ___FILE_ONLY___ Not Installed
2017-01-06 14:43:23,591 INFO     ___FILE_ONLY___  
2017-01-06 14:43:23,591 INFO     ___FILE_ONLY___ │ 
2017-01-06 14:43:23,591 INFO     ___FILE_ONLY___ Google Container Registry's Docker credential helper
2017-01-06 14:43:23,591 INFO     ___FILE_ONLY___  
2017-01-06 14:43:23,591 INFO     ___FILE_ONLY___ │ 
2017-01-06 14:43:23,591 INFO     ___FILE_ONLY___ docker-credential-gcr   
2017-01-06 14:43:23,592 INFO     ___FILE_ONLY___  
2017-01-06 14:43:23,592 INFO     ___FILE_ONLY___ │ 
2017-01-06 14:43:23,592 INFO     ___FILE_ONLY___   2.2 MiB
2017-01-06 14:43:23,592 INFO     ___FILE_ONLY___  
2017-01-06 14:43:23,592 INFO     ___FILE_ONLY___ │
2017-01-06 14:43:23,592 INFO     ___FILE_ONLY___ 

2017-01-06 14:43:23,592 INFO     ___FILE_ONLY___ │ 
2017-01-06 14:43:23,592 INFO     ___FILE_ONLY___ Not Installed
2017-01-06 14:43:23,592 INFO     ___FILE_ONLY___  
2017-01-06 14:43:23,592 INFO     ___FILE_ONLY___ │ 
2017-01-06 14:43:23,592 INFO     ___FILE_ONLY___ gcloud Alpha Commands                               
2017-01-06 14:43:23,592 INFO     ___FILE_ONLY___  
2017-01-06 14:43:23,592 INFO     ___FILE_ONLY___ │ 
2017-01-06 14:43:23,592 INFO     ___FILE_ONLY___ alpha                   
2017-01-06 14:43:23,592 INFO     ___FILE_ONLY___  
2017-01-06 14:43:23,592 INFO     ___FILE_ONLY___ │ 
2017-01-06 14:43:23,592 INFO     ___FILE_ONLY___   < 1 MiB
2017-01-06 14:43:23,593 INFO     ___FILE_ONLY___  
2017-01-06 14:43:23,593 INFO     ___FILE_ONLY___ │
2017-01-06 14:43:23,593 INFO     ___FILE_ONLY___ 

2017-01-06 14:43:23,593 INFO     ___FILE_ONLY___ │ 
2017-01-06 14:43:23,593 INFO     ___FILE_ONLY___ Not Installed
2017-01-06 14:43:23,593 INFO     ___FILE_ONLY___  
2017-01-06 14:43:23,593 INFO     ___FILE_ONLY___ │ 
2017-01-06 14:43:23,593 INFO     ___FILE_ONLY___ gcloud Beta Commands                                
2017-01-06 14:43:23,593 INFO     ___FILE_ONLY___  
2017-01-06 14:43:23,593 INFO     ___FILE_ONLY___ │ 
2017-01-06 14:43:23,593 INFO     ___FILE_ONLY___ beta                    
2017-01-06 14:43:23,593 INFO     ___FILE_ONLY___  
2017-01-06 14:43:23,593 INFO     ___FILE_ONLY___ │ 
2017-01-06 14:43:23,593 INFO     ___FILE_ONLY___   < 1 MiB
2017-01-06 14:43:23,593 INFO     ___FILE_ONLY___  
2017-01-06 14:43:23,593 INFO     ___FILE_ONLY___ │
2017-01-06 14:43:23,593 INFO     ___FILE_ONLY___ 

2017-01-06 14:43:23,594 INFO     ___FILE_ONLY___ │ 
2017-01-06 14:43:23,594 INFO     ___FILE_ONLY___ Not Installed
2017-01-06 14:43:23,594 INFO     ___FILE_ONLY___  
2017-01-06 14:43:23,594 INFO     ___FILE_ONLY___ │ 
2017-01-06 14:43:23,594 INFO     ___FILE_ONLY___ gcloud app Java Extensions                          
2017-01-06 14:43:23,594 INFO     ___FILE_ONLY___  
2017-01-06 14:43:23,594 INFO     ___FILE_ONLY___ │ 
2017-01-06 14:43:23,594 INFO     ___FILE_ONLY___ app-engine-java         
2017-01-06 14:43:23,594 INFO     ___FILE_ONLY___  
2017-01-06 14:43:23,594 INFO     ___FILE_ONLY___ │ 
2017-01-06 14:43:23,594 INFO     ___FILE_ONLY___ 124.6 MiB
2017-01-06 14:43:23,594 INFO     ___FILE_ONLY___  
2017-01-06 14:43:23,594 INFO     ___FILE_ONLY___ │
2017-01-06 14:43:23,594 INFO     ___FILE_ONLY___ 

2017-01-06 14:43:23,594 INFO     ___FILE_ONLY___ │ 
2017-01-06 14:43:23,594 INFO     ___FILE_ONLY___ Not Installed
2017-01-06 14:43:23,594 INFO     ___FILE_ONLY___  
2017-01-06 14:43:23,595 INFO     ___FILE_ONLY___ │ 
2017-01-06 14:43:23,595 INFO     ___FILE_ONLY___ gcloud app PHP Extensions (Mac OS X)                
2017-01-06 14:43:23,595 INFO     ___FILE_ONLY___  
2017-01-06 14:43:23,595 INFO     ___FILE_ONLY___ │ 
2017-01-06 14:43:23,595 INFO     ___FILE_ONLY___ app-engine-php-darwin   
2017-01-06 14:43:23,595 INFO     ___FILE_ONLY___  
2017-01-06 14:43:23,595 INFO     ___FILE_ONLY___ │ 
2017-01-06 14:43:23,595 INFO     ___FILE_ONLY___  21.9 MiB
2017-01-06 14:43:23,595 INFO     ___FILE_ONLY___  
2017-01-06 14:43:23,595 INFO     ___FILE_ONLY___ │
2017-01-06 14:43:23,595 INFO     ___FILE_ONLY___ 

2017-01-06 14:43:23,595 INFO     ___FILE_ONLY___ │ 
2017-01-06 14:43:23,595 INFO     ___FILE_ONLY___ Not Installed
2017-01-06 14:43:23,595 INFO     ___FILE_ONLY___  
2017-01-06 14:43:23,595 INFO     ___FILE_ONLY___ │ 
2017-01-06 14:43:23,596 INFO     ___FILE_ONLY___ gcloud app Python Extensions                        
2017-01-06 14:43:23,596 INFO     ___FILE_ONLY___  
2017-01-06 14:43:23,596 INFO     ___FILE_ONLY___ │ 
2017-01-06 14:43:23,596 INFO     ___FILE_ONLY___ app-engine-python       
2017-01-06 14:43:23,596 INFO     ___FILE_ONLY___  
2017-01-06 14:43:23,596 INFO     ___FILE_ONLY___ │ 
2017-01-06 14:43:23,596 INFO     ___FILE_ONLY___   7.2 MiB
2017-01-06 14:43:23,596 INFO     ___FILE_ONLY___  
2017-01-06 14:43:23,596 INFO     ___FILE_ONLY___ │
2017-01-06 14:43:23,596 INFO     ___FILE_ONLY___ 

2017-01-06 14:43:23,596 INFO     ___FILE_ONLY___ │ 
2017-01-06 14:43:23,596 INFO     ___FILE_ONLY___ Not Installed
2017-01-06 14:43:23,596 INFO     ___FILE_ONLY___  
2017-01-06 14:43:23,596 INFO     ___FILE_ONLY___ │ 
2017-01-06 14:43:23,596 INFO     ___FILE_ONLY___ kubectl                                             
2017-01-06 14:43:23,596 INFO     ___FILE_ONLY___  
2017-01-06 14:43:23,597 INFO     ___FILE_ONLY___ │ 
2017-01-06 14:43:23,597 INFO     ___FILE_ONLY___ kubectl                 
2017-01-06 14:43:23,597 INFO     ___FILE_ONLY___  
2017-01-06 14:43:23,597 INFO     ___FILE_ONLY___ │ 
2017-01-06 14:43:23,597 INFO     ___FILE_ONLY___  13.4 MiB
2017-01-06 14:43:23,597 INFO     ___FILE_ONLY___  
2017-01-06 14:43:23,597 INFO     ___FILE_ONLY___ │
2017-01-06 14:43:23,597 INFO     ___FILE_ONLY___ 

2017-01-06 14:43:23,597 INFO     ___FILE_ONLY___ │ 
2017-01-06 14:43:23,597 INFO     ___FILE_ONLY___ Installed    
2017-01-06 14:43:23,597 INFO     ___FILE_ONLY___  
2017-01-06 14:43:23,597 INFO     ___FILE_ONLY___ │ 
2017-01-06 14:43:23,597 INFO     ___FILE_ONLY___ BigQuery Command Line Tool                          
2017-01-06 14:43:23,597 INFO     ___FILE_ONLY___  
2017-01-06 14:43:23,597 INFO     ___FILE_ONLY___ │ 
2017-01-06 14:43:23,597 INFO     ___FILE_ONLY___ bq                      
2017-01-06 14:43:23,597 INFO     ___FILE_ONLY___  
2017-01-06 14:43:23,598 INFO     ___FILE_ONLY___ │ 
2017-01-06 14:43:23,598 INFO     ___FILE_ONLY___   < 1 MiB
2017-01-06 14:43:23,598 INFO     ___FILE_ONLY___  
2017-01-06 14:43:23,598 INFO     ___FILE_ONLY___ │
2017-01-06 14:43:23,598 INFO     ___FILE_ONLY___ 

2017-01-06 14:43:23,598 INFO     ___FILE_ONLY___ │ 
2017-01-06 14:43:23,598 INFO     ___FILE_ONLY___ Installed    
2017-01-06 14:43:23,598 INFO     ___FILE_ONLY___  
2017-01-06 14:43:23,598 INFO     ___FILE_ONLY___ │ 
2017-01-06 14:43:23,598 INFO     ___FILE_ONLY___ Cloud SDK Core Libraries                            
2017-01-06 14:43:23,598 INFO     ___FILE_ONLY___  
2017-01-06 14:43:23,598 INFO     ___FILE_ONLY___ │ 
2017-01-06 14:43:23,598 INFO     ___FILE_ONLY___ core                    
2017-01-06 14:43:23,598 INFO     ___FILE_ONLY___  
2017-01-06 14:43:23,598 INFO     ___FILE_ONLY___ │ 
2017-01-06 14:43:23,598 INFO     ___FILE_ONLY___   5.2 MiB
2017-01-06 14:43:23,598 INFO     ___FILE_ONLY___  
2017-01-06 14:43:23,598 INFO     ___FILE_ONLY___ │
2017-01-06 14:43:23,598 INFO     ___FILE_ONLY___ 

2017-01-06 14:43:23,599 INFO     ___FILE_ONLY___ │ 
2017-01-06 14:43:23,599 INFO     ___FILE_ONLY___ Installed    
2017-01-06 14:43:23,599 INFO     ___FILE_ONLY___  
2017-01-06 14:43:23,599 INFO     ___FILE_ONLY___ │ 
2017-01-06 14:43:23,599 INFO     ___FILE_ONLY___ Cloud Storage Command Line Tool                     
2017-01-06 14:43:23,599 INFO     ___FILE_ONLY___  
2017-01-06 14:43:23,599 INFO     ___FILE_ONLY___ │ 
2017-01-06 14:43:23,599 INFO     ___FILE_ONLY___ gsutil                  
2017-01-06 14:43:23,599 INFO     ___FILE_ONLY___  
2017-01-06 14:43:23,599 INFO     ___FILE_ONLY___ │ 
2017-01-06 14:43:23,599 INFO     ___FILE_ONLY___   2.8 MiB
2017-01-06 14:43:23,599 INFO     ___FILE_ONLY___  
2017-01-06 14:43:23,599 INFO     ___FILE_ONLY___ │
2017-01-06 14:43:23,599 INFO     ___FILE_ONLY___ 

2017-01-06 14:43:23,599 INFO     ___FILE_ONLY___ │ 
2017-01-06 14:43:23,599 INFO     ___FILE_ONLY___ Installed    
2017-01-06 14:43:23,599 INFO     ___FILE_ONLY___  
2017-01-06 14:43:23,599 INFO     ___FILE_ONLY___ │ 
2017-01-06 14:43:23,600 INFO     ___FILE_ONLY___ Default set of gcloud commands                      
2017-01-06 14:43:23,600 INFO     ___FILE_ONLY___  
2017-01-06 14:43:23,600 INFO     ___FILE_ONLY___ │ 
2017-01-06 14:43:23,600 INFO     ___FILE_ONLY___ gcloud                  
2017-01-06 14:43:23,600 INFO     ___FILE_ONLY___  
2017-01-06 14:43:23,600 INFO     ___FILE_ONLY___ │ 
2017-01-06 14:43:23,600 INFO     ___FILE_ONLY___          
2017-01-06 14:43:23,600 INFO     ___FILE_ONLY___  
2017-01-06 14:43:23,600 INFO     ___FILE_ONLY___ │
2017-01-06 14:43:23,600 INFO     ___FILE_ONLY___ 

2017-01-06 14:43:23,600 INFO     ___FILE_ONLY___ └───────────────┴──────────────────────────────────────────────────────┴──────────────────────────┴───────────┘
2017-01-06 14:43:23,600 INFO     ___FILE_ONLY___ 

2017-01-06 14:43:23,600 INFO     ___FILE_ONLY___ To install or remove components at your current SDK version [138.0.0], run:
  $ gcloud components install COMPONENT_ID
  $ gcloud components remove COMPONENT_ID

To update your SDK installation to the latest version [138.0.0], run:
  $ gcloud components update


2017-01-06 14:43:33,900 DEBUG    root            Metrics reporting process started...
