2017-01-06 14:44:46,039 DEBUG    root            Loaded Command Group: ['gcloud', 'init']
2017-01-06 14:44:46,041 DEBUG    root            Running gcloud.init with Namespace(__calliope_internal_deepest_parser=ArgumentParser(prog='gcloud.init', usage=None, description='Initialize or reinitialize gcloud.', version=None, formatter_class=<class 'argparse.HelpFormatter'>, conflict_handler='error', add_help=False), account=None, authority_selector=None, authorization_token_file=None, calliope_command=<googlecloudsdk.calliope.backend.Command object at 0x105f73610>, command_path=['gcloud', 'init'], configuration=None, console_only=False, credential_file_override=None, document=None, flatten=None, format=None, h=None, help=None, http_timeout=None, log_http=None, obsolete_project_arg=None, project=None, quiet=None, skip_diagnostics=False, trace_email=None, trace_log=None, trace_token=None, user_output_enabled=None, verbosity='warning', version=None).
2017-01-06 14:44:46,041 INFO     ___FILE_ONLY___ Welcome! This command will take you through the configuration of gcloud.


2017-01-06 14:44:46,043 INFO     ___FILE_ONLY___ Your current configuration has been set to: [default]


2017-01-06 14:44:46,043 INFO     ___FILE_ONLY___ You can skip diagnostics next time by using the following flag:

2017-01-06 14:44:46,043 INFO     ___FILE_ONLY___   gcloud init --skip-diagnostics


2017-01-06 14:44:46,043 INFO     ___FILE_ONLY___ Network diagnostic detects and fixes local network connection issues.

2017-01-06 14:44:46,044 INFO     ___FILE_ONLY___ Checking network connection...
2017-01-06 14:44:48,280 INFO     ___FILE_ONLY___ Reachability Check passed.

2017-01-06 14:44:48,280 INFO     ___FILE_ONLY___ Network diagnostic (1/1 checks) passed.


2017-01-06 14:44:48,284 DEBUG    root            Loaded Command Group: ['gcloud', 'auth']
2017-01-06 14:44:48,287 DEBUG    root            Loaded Command Group: ['gcloud', 'auth', 'list']
2017-01-06 14:44:48,288 INFO     root            Executing: [gcloud auth list]
2017-01-06 14:44:48,289 DEBUG    root            Running gcloud.auth.list with Namespace(__calliope_internal_deepest_parser=ArgumentParser(prog='gcloud.auth.list', usage=None, description='Lists accounts whose credentials have been obtained using `gcloud init`,\n`gcloud auth login` and `gcloud auth activate-service-account`, and shows\nwhich account is active. The active account is used by gcloud and other Cloud\nSDK tools to access Google Cloud Platform.\n\n## EXAMPLES\n\nTo list the active account name:\n\n  $ gcloud auth list --filter=status:ACTIVE --format="value(account)"\n\nTo list the inactive account names with prefix `test`:\n\n  $ gcloud auth list --filter="-status:ACTIVE account:test*" --format="value(account)"', version=None, formatter_class=<class 'argparse.HelpFormatter'>, conflict_handler='error', add_help=False), account=None, authority_selector=None, authorization_token_file=None, calliope_command=<googlecloudsdk.calliope.backend.Command object at 0x1060696d0>, command_path=['gcloud', 'auth', 'list'], configuration=None, credential_file_override=None, document=None, filter=None, filter_account=None, flatten=None, format=None, h=None, help=None, http_timeout=None, limit=None, log_http=None, page_size=None, project=None, quiet=None, sort_by=None, trace_email=None, trace_log=None, trace_token=None, user_output_enabled='false', verbosity='none', version=None).
2017-01-06 14:44:48,292 DEBUG    oauth2client.contrib.multistore_file Initializing empty multistore file
2017-01-06 14:44:48,293 INFO     root            Display disabled.
2017-01-06 14:44:48,294 DEBUG    root            Checking for updates...
2017-01-06 14:44:48,452 DEBUG    root            Updating notification cache...
2017-01-06 14:44:55,681 DEBUG    root            Loaded Command Group: ['gcloud', 'auth', 'login']
2017-01-06 14:44:55,682 INFO     root            Executing: [gcloud auth login --force --brief]
2017-01-06 14:44:55,683 DEBUG    root            Running gcloud.auth.login with Namespace(__calliope_internal_deepest_parser=ArgumentParser(prog='gcloud.auth.login', usage=None, description='Obtains access credentials for your user account via a web-based authorization\nflow. When this command completes successfully, it sets the active account\nin the current configuration to the account specified. If no configuration\nexists, it creates a configuration named default.\n\nIf valid credentials for an account are already available from a prior\nauthorization, the account is set to active without rerunning the flow.\n\nUse `gcloud auth list` to view credentialed accounts.', version=None, formatter_class=<class 'argparse.HelpFormatter'>, conflict_handler='error', add_help=False), account=None, activate=True, authority_selector=None, authorization_token_file=None, brief=True, calliope_command=<googlecloudsdk.calliope.backend.Command object at 0x1060178d0>, command_path=['gcloud', 'auth', 'login'], configuration=None, credential_file_override=None, document=None, enable_gdrive_access=False, flatten=None, force=True, format=None, h=None, help=None, http_timeout=None, launch_browser=True, log_http=None, project=None, quiet=None, trace_email=None, trace_log=None, trace_token=None, user_output_enabled=None, verbosity='warning', version=None).
2017-01-06 14:44:55,846 INFO     ___FILE_ONLY___ Your browser has been opened to visit:

    https://accounts.google.com/o/oauth2/auth?redirect_uri=http%3A%2F%2Flocalhost%3A8085%2F&prompt=select_account&response_type=code&client_id=32555940559.apps.googleusercontent.com&scope=https%3A%2F%2Fwww.googleapis.com%2Fauth%2Fuserinfo.email+https%3A%2F%2Fwww.googleapis.com%2Fauth%2Fcloud-platform+https%3A%2F%2Fwww.googleapis.com%2Fauth%2Fappengine.admin+https%3A%2F%2Fwww.googleapis.com%2Fauth%2Fcompute&access_type=offline



2017-01-06 14:45:03,446 INFO     oauth2client.client Successfully retrieved access token
2017-01-06 14:45:03,454 INFO     ___FILE_ONLY___ You are logged in as: [p.deruijter@youngcapital.nl].


2017-01-06 14:45:41,586 DEBUG    root            Loaded Command Group: ['gcloud', 'config']
2017-01-06 14:45:41,592 DEBUG    root            Loaded Command Group: ['gcloud', 'config', 'set']
2017-01-06 14:45:41,593 INFO     root            Executing: [gcloud config set project noxa-142808]
2017-01-06 14:45:41,594 DEBUG    root            Running gcloud.config.set with Namespace(__calliope_internal_deepest_parser=ArgumentParser(prog='gcloud.config.set', usage=None, description='By default, sets the property in your active configuration only. Use the\n`--installation` flag to set the property across all configurations. See\n`gcloud topic configurations` for more information.\n\n## AVAILABLE PROPERTIES\n\n{properties}\n\n## EXAMPLES\n\nTo set the project property in the core section, run:\n\n  $ {command} project myProject\n\nTo set the zone property in the compute section, run:\n\n  $ {command} compute/zone zone3', version=None, formatter_class=<class 'argparse.HelpFormatter'>, conflict_handler='error', add_help=False), account=None, authority_selector=None, authorization_token_file=None, calliope_command=<googlecloudsdk.calliope.backend.Command object at 0x10609e610>, command_path=['gcloud', 'config', 'set'], configuration=None, credential_file_override=None, document=None, flatten=None, format=None, h=None, help=None, http_timeout=None, installation=False, log_http=None, project=None, property='project', quiet=None, trace_email=None, trace_log=None, trace_token=None, user_output_enabled='false', value=u'noxa-142808', verbosity='none', version=None).
2017-01-06 14:45:41,595 INFO     ___FILE_ONLY___ Updated property [core/project].

2017-01-06 14:45:41,595 INFO     root            Display disabled.
2017-01-06 14:45:41,596 INFO     ___FILE_ONLY___ Your current project has been set to: [noxa-142808].


2017-01-06 14:45:41,603 DEBUG    root            Loaded Command Group: ['gcloud', 'compute']
2017-01-06 14:45:41,605 DEBUG    root            Loaded Command Group: ['gcloud', 'compute', 'project_info']
2017-01-06 14:45:41,792 DEBUG    root            Loaded Command Group: ['gcloud', 'compute', 'project-info', 'describe']
2017-01-06 14:45:41,793 INFO     root            Executing: [gcloud compute project-info describe]
2017-01-06 14:45:41,794 DEBUG    root            Running gcloud.compute.project-info.describe with Namespace(__calliope_internal_deepest_parser=ArgumentParser(prog='gcloud.compute.project-info.describe', usage=None, description='Describe the Google Compute Engine project resource.', version=None, formatter_class=<class 'argparse.HelpFormatter'>, conflict_handler='error', add_help=False), account=None, authority_selector=None, authorization_token_file=None, calliope_command=<googlecloudsdk.calliope.backend.Command object at 0x1060b3590>, command_path=['gcloud', 'compute', 'project-info', 'describe'], configuration=None, credential_file_override=None, document=None, flatten=None, format=None, h=None, help=None, http_timeout=None, log_http=None, project=None, quiet=None, trace_email=None, trace_log=None, trace_token=None, user_output_enabled='false', verbosity='none', version=None).
2017-01-06 14:45:41,945 DEBUG    root            Starting batch request...
2017-01-06 14:45:41,946 DEBUG    root            Adding request: (<googlecloudsdk.third_party.apis.compute.v1.compute_v1_client.ProjectsService object at 0x10726d910>, 'Get', <ComputeProjectsGetRequest
 project: 'noxa-142808'>)
2017-01-06 14:45:41,947 DEBUG    root            Making batch request...
2017-01-06 14:45:42,213 DEBUG    root            Batch request done; responses [<Project
 commonInstanceMetadata: <Metadata
 fingerprint: '\xfdG\x11@\xbe\xf3/0'
 items: [<ItemsValueListEntry
 key: u'sshKeys'
 value: u'y_imthorn:ssh-rsa AAAAB3NzaC1yc2EAAAADAQABAAABAQDeysGO7BNH5moBPsGFwRFGeOpy80VwLCNrI7yLfeRLJ5MGrxT4A2A+Qj97iAvW6JJnynFmaR1ARtuuUn7kZSJ6nveRFYGQ0vwZUYHSB1nzwLUTrOyTptJUE5s2/MBWpuWS/4ttF/Cy4ElH4pVXfVtb3unT3TqhWvEWYzf6Nkf9pDeQ27H0HWGYpq1imr4PfgzIX6lqXXqwKc6c1IjGPymWoAl/SfnjHhkBbCD95Xxy1eaQWjv2csgDwrjzhpg7K6T4BmL7brAouQATZ0O8Z6LDcLj6ydCR/N8MloNvvagTlrXfiqrr11OD2Q9FTJ8sZXHaetibL/Cp65lyAaCh3s4b google-ssh {"userName":"y.imthorn@youngcapital.nl","expireOn":"2017-01-03T13:19:03+0000"}\ny_imthorn:ecdsa-sha2-nistp256 AAAAE2VjZHNhLXNoYTItbmlzdHAyNTYAAAAIbmlzdHAyNTYAAABBBP4Sc552t+iQ0GCyDFfGjWwDMz5b4KDyVfHHkwz7Il8cvbEF8ygcQJiWCTRsVQSEPSf86gJsgzFuXJUUiDVCY+g= google-ssh {"userName":"y.imthorn@youngcapital.nl","expireOn":"2017-01-03T13:18:59+0000"}\ngke-aac373f24489e66ea20f:ssh-rsa AAAAB3NzaC1yc2EAAAADAQABAAABAQCxbKC5NtQ6TsuSkd7oNDgJjytllZEIidhJZtx40QF9HB98cXM0x5qM/EhrmlY7bOY/p8Go7i2TmB/KXm1+qrlVezxP2TRoHgpVlMtFCwN2jH4zEjt2kuxf7Qpuh6dNApR1sXHHvm6S/lXLN9ApriAaemE39VceP9nEi+1e2uCPspChjOvQHU5vPJS37Gehsgl2jR4GsVqgbE3DFSOVv+xni4kMDn7ZAueEgc2wc8XEZVL9FIIG8QzcoWsrnt2xKdoPVDsrEjAlp/qZcKlnFC0L/zbQA85Z8A5MPt0Sh1RMsM1HZ23eaH3WFF3DAgBSIImwpK0cyq062L6x1wlUw/E/ gke-aac373f24489e66ea20f@gke-aac373f24489e66ea20f\n'>, <ItemsValueListEntry
 key: u'gke-test-cluster-aac373f2-cidr'
 value: u'default:10.16.0.0/14'>]
 kind: u'compute#metadata'>
 creationTimestamp: u'2016-09-08T01:54:36.089-07:00'
 defaultServiceAccount: u'425031681231-compute@developer.gserviceaccount.com'
 enabledFeatures: []
 id: 135919688407095715
 kind: u'compute#project'
 name: u'noxa-142808'
 quotas: [<Quota
 limit: 5000.0
 metric: MetricValueValuesEnum(SNAPSHOTS, 20)
 usage: 0.0>, <Quota
 limit: 15.0
 metric: MetricValueValuesEnum(NETWORKS, 14)
 usage: 1.0>, <Quota
 limit: 200.0
 metric: MetricValueValuesEnum(FIREWALLS, 4)
 usage: 11.0>, <Quota
 limit: 2000.0
 metric: MetricValueValuesEnum(IMAGES, 7)
 usage: 0.0>, <Quota
 limit: 21.0
 metric: MetricValueValuesEnum(STATIC_ADDRESSES, 23)
 usage: 0.0>, <Quota
 limit: 250.0
 metric: MetricValueValuesEnum(ROUTES, 19)
 usage: 10.0>, <Quota
 limit: 45.0
 metric: MetricValueValuesEnum(FORWARDING_RULES, 5)
 usage: 1.0>, <Quota
 limit: 150.0
 metric: MetricValueValuesEnum(TARGET_POOLS, 28)
 usage: 1.0>, <Quota
 limit: 150.0
 metric: MetricValueValuesEnum(HEALTH_CHECKS, 6)
 usage: 3.0>, <Quota
 limit: 69.0
 metric: MetricValueValuesEnum(IN_USE_ADDRESSES, 12)
 usage: 1.0>, <Quota
 limit: 150.0
 metric: MetricValueValuesEnum(TARGET_INSTANCES, 27)
 usage: 0.0>, <Quota
 limit: 30.0
 metric: MetricValueValuesEnum(TARGET_HTTP_PROXIES, 26)
 usage: 0.0>, <Quota
 limit: 30.0
 metric: MetricValueValuesEnum(URL_MAPS, 32)
 usage: 0.0>, <Quota
 limit: 9.0
 metric: MetricValueValuesEnum(BACKEND_SERVICES, 1)
 usage: 3.0>, <Quota
 limit: 300.0
 metric: MetricValueValuesEnum(INSTANCE_TEMPLATES, 11)
 usage: 1.0>, <Quota
 limit: 15.0
 metric: MetricValueValuesEnum(TARGET_VPN_GATEWAYS, 30)
 usage: 0.0>, <Quota
 limit: 30.0
 metric: MetricValueValuesEnum(VPN_TUNNELS, 33)
 usage: 0.0>, <Quota
 limit: 10.0
 metric: MetricValueValuesEnum(ROUTERS, 18)
 usage: 0.0>, <Quota
 limit: 30.0
 metric: MetricValueValuesEnum(TARGET_SSL_PROXIES, 29)
 usage: 0.0>, <Quota
 limit: 30.0
 metric: MetricValueValuesEnum(TARGET_HTTPS_PROXIES, 25)
 usage: 0.0>, <Quota
 limit: 30.0
 metric: MetricValueValuesEnum(SSL_CERTIFICATES, 22)
 usage: 0.0>, <Quota
 limit: 175.0
 metric: MetricValueValuesEnum(SUBNETWORKS, 24)
 usage: 6.0>]
 selfLink: u'https://www.googleapis.com/compute/v1/projects/noxa-142808'>]
2017-01-06 14:45:42,225 INFO     root            Display disabled.
2017-01-06 14:45:45,284 DEBUG    root            Loaded Command Group: ['gcloud', 'compute', 'zones']
2017-01-06 14:45:45,287 DEBUG    root            Loaded Command Group: ['gcloud', 'compute', 'zones', 'list']
2017-01-06 14:45:45,288 INFO     root            Executing: [gcloud compute zones list]
2017-01-06 14:45:45,289 DEBUG    root            Running gcloud.compute.zones.list with Namespace(__calliope_internal_deepest_parser=ArgumentParser(prog='gcloud.compute.zones.list', usage=None, description='List Google Compute Engine zones.', version=None, formatter_class=<class 'argparse.HelpFormatter'>, conflict_handler='error', add_help=False), account=None, authority_selector=None, authorization_token_file=None, calliope_command=<googlecloudsdk.calliope.backend.Command object at 0x106f2fe10>, command_path=['gcloud', 'compute', 'zones', 'list'], configuration=None, credential_file_override=None, document=None, filter=None, flatten=None, format=None, h=None, help=None, http_timeout=None, limit=None, log_http=None, names=[], page_size=None, project=None, quiet=None, regexp=None, sort_by=None, trace_email=None, trace_log=None, trace_token=None, uri=False, user_output_enabled='false', verbosity='none', version=None).
2017-01-06 14:45:45,289 INFO     root            Display disabled.
2017-01-06 14:45:45,292 DEBUG    root            Starting batch request...
2017-01-06 14:45:45,292 DEBUG    root            Adding request: (<googlecloudsdk.third_party.apis.compute.v1.compute_v1_client.ZonesService object at 0x1070ea750>, 'List', <ComputeZonesListRequest
 maxResults: 500
 project: 'noxa-142808'>)
2017-01-06 14:45:45,292 DEBUG    root            Making batch request...
2017-01-06 14:45:45,548 DEBUG    root            Batch request done; responses [<ZoneList
 id: u'projects/noxa-142808/zones'
 items: [<Zone
 creationTimestamp: u'2016-06-14T17:29:18.761-07:00'
 description: u'asia-east1-a'
 id: 2220
 kind: u'compute#zone'
 name: u'asia-east1-a'
 region: u'https://www.googleapis.com/compute/v1/projects/noxa-142808/regions/asia-east1'
 selfLink: u'https://www.googleapis.com/compute/v1/projects/noxa-142808/zones/asia-east1-a'
 status: StatusValueValuesEnum(UP, 1)>, <Zone
 creationTimestamp: u'2016-06-14T17:29:18.761-07:00'
 description: u'asia-east1-b'
 id: 2221
 kind: u'compute#zone'
 name: u'asia-east1-b'
 region: u'https://www.googleapis.com/compute/v1/projects/noxa-142808/regions/asia-east1'
 selfLink: u'https://www.googleapis.com/compute/v1/projects/noxa-142808/zones/asia-east1-b'
 status: StatusValueValuesEnum(UP, 1)>, <Zone
 creationTimestamp: u'2014-07-15T10:44:08.663-07:00'
 description: u'asia-east1-c'
 id: 2222
 kind: u'compute#zone'
 name: u'asia-east1-c'
 region: u'https://www.googleapis.com/compute/v1/projects/noxa-142808/regions/asia-east1'
 selfLink: u'https://www.googleapis.com/compute/v1/projects/noxa-142808/zones/asia-east1-c'
 status: StatusValueValuesEnum(UP, 1)>, <Zone
 creationTimestamp: u'2016-08-15T17:05:00.315-07:00'
 description: u'asia-northeast1-b'
 id: 2251
 kind: u'compute#zone'
 name: u'asia-northeast1-b'
 region: u'https://www.googleapis.com/compute/v1/projects/noxa-142808/regions/asia-northeast1'
 selfLink: u'https://www.googleapis.com/compute/v1/projects/noxa-142808/zones/asia-northeast1-b'
 status: StatusValueValuesEnum(UP, 1)>, <Zone
 creationTimestamp: u'2016-08-15T17:05:00.313-07:00'
 description: u'asia-northeast1-a'
 id: 2250
 kind: u'compute#zone'
 name: u'asia-northeast1-a'
 region: u'https://www.googleapis.com/compute/v1/projects/noxa-142808/regions/asia-northeast1'
 selfLink: u'https://www.googleapis.com/compute/v1/projects/noxa-142808/zones/asia-northeast1-a'
 status: StatusValueValuesEnum(UP, 1)>, <Zone
 creationTimestamp: u'2016-08-15T17:05:00.316-07:00'
 description: u'asia-northeast1-c'
 id: 2252
 kind: u'compute#zone'
 name: u'asia-northeast1-c'
 region: u'https://www.googleapis.com/compute/v1/projects/noxa-142808/regions/asia-northeast1'
 selfLink: u'https://www.googleapis.com/compute/v1/projects/noxa-142808/zones/asia-northeast1-c'
 status: StatusValueValuesEnum(UP, 1)>, <Zone
 creationTimestamp: u'2014-12-15T13:42:35.748-08:00'
 description: u'europe-west1-d'
 id: 2104
 kind: u'compute#zone'
 name: u'europe-west1-d'
 region: u'https://www.googleapis.com/compute/v1/projects/noxa-142808/regions/europe-west1'
 selfLink: u'https://www.googleapis.com/compute/v1/projects/noxa-142808/zones/europe-west1-d'
 status: StatusValueValuesEnum(UP, 1)>, <Zone
 creationTimestamp: u'2014-09-02T15:52:35.238-07:00'
 description: u'europe-west1-c'
 id: 2103
 kind: u'compute#zone'
 name: u'europe-west1-c'
 region: u'https://www.googleapis.com/compute/v1/projects/noxa-142808/regions/europe-west1'
 selfLink: u'https://www.googleapis.com/compute/v1/projects/noxa-142808/zones/europe-west1-c'
 status: StatusValueValuesEnum(UP, 1)>, <Zone
 creationTimestamp: u'2016-06-14T17:29:18.761-07:00'
 description: u'europe-west1-b'
 id: 2101
 kind: u'compute#zone'
 name: u'europe-west1-b'
 region: u'https://www.googleapis.com/compute/v1/projects/noxa-142808/regions/europe-west1'
 selfLink: u'https://www.googleapis.com/compute/v1/projects/noxa-142808/zones/europe-west1-b'
 status: StatusValueValuesEnum(UP, 1)>, <Zone
 creationTimestamp: u'2016-06-14T17:29:18.761-07:00'
 description: u'us-central1-a'
 id: 2000
 kind: u'compute#zone'
 name: u'us-central1-a'
 region: u'https://www.googleapis.com/compute/v1/projects/noxa-142808/regions/us-central1'
 selfLink: u'https://www.googleapis.com/compute/v1/projects/noxa-142808/zones/us-central1-a'
 status: StatusValueValuesEnum(UP, 1)>, <Zone
 creationTimestamp: u'2014-10-29T11:20:06.229-07:00'
 description: u'us-central1-c'
 id: 2002
 kind: u'compute#zone'
 name: u'us-central1-c'
 region: u'https://www.googleapis.com/compute/v1/projects/noxa-142808/regions/us-central1'
 selfLink: u'https://www.googleapis.com/compute/v1/projects/noxa-142808/zones/us-central1-c'
 status: StatusValueValuesEnum(UP, 1)>, <Zone
 creationTimestamp: u'2016-06-14T17:29:18.761-07:00'
 description: u'us-central1-b'
 id: 2001
 kind: u'compute#zone'
 name: u'us-central1-b'
 region: u'https://www.googleapis.com/compute/v1/projects/noxa-142808/regions/us-central1'
 selfLink: u'https://www.googleapis.com/compute/v1/projects/noxa-142808/zones/us-central1-b'
 status: StatusValueValuesEnum(UP, 1)>, <Zone
 creationTimestamp: u'2016-06-14T17:29:18.761-07:00'
 description: u'us-central1-f'
 id: 2004
 kind: u'compute#zone'
 name: u'us-central1-f'
 region: u'https://www.googleapis.com/compute/v1/projects/noxa-142808/regions/us-central1'
 selfLink: u'https://www.googleapis.com/compute/v1/projects/noxa-142808/zones/us-central1-f'
 status: StatusValueValuesEnum(UP, 1)>, <Zone
 creationTimestamp: u'2015-09-08T16:57:06.746-07:00'
 description: u'us-east1-b'
 id: 2231
 kind: u'compute#zone'
 name: u'us-east1-b'
 region: u'https://www.googleapis.com/compute/v1/projects/noxa-142808/regions/us-east1'
 selfLink: u'https://www.googleapis.com/compute/v1/projects/noxa-142808/zones/us-east1-b'
 status: StatusValueValuesEnum(UP, 1)>, <Zone
 creationTimestamp: u'2015-09-08T10:59:59.040-07:00'
 description: u'us-east1-c'
 id: 2233
 kind: u'compute#zone'
 name: u'us-east1-c'
 region: u'https://www.googleapis.com/compute/v1/projects/noxa-142808/regions/us-east1'
 selfLink: u'https://www.googleapis.com/compute/v1/projects/noxa-142808/zones/us-east1-c'
 status: StatusValueValuesEnum(UP, 1)>, <Zone
 creationTimestamp: u'2015-09-03T15:15:02.330-07:00'
 description: u'us-east1-d'
 id: 2234
 kind: u'compute#zone'
 name: u'us-east1-d'
 region: u'https://www.googleapis.com/compute/v1/projects/noxa-142808/regions/us-east1'
 selfLink: u'https://www.googleapis.com/compute/v1/projects/noxa-142808/zones/us-east1-d'
 status: StatusValueValuesEnum(UP, 1)>, <Zone
 creationTimestamp: u'2016-06-10T09:30:55.189-07:00'
 description: u'us-west1-a'
 id: 2210
 kind: u'compute#zone'
 name: u'us-west1-a'
 region: u'https://www.googleapis.com/compute/v1/projects/noxa-142808/regions/us-west1'
 selfLink: u'https://www.googleapis.com/compute/v1/projects/noxa-142808/zones/us-west1-a'
 status: StatusValueValuesEnum(UP, 1)>, <Zone
 creationTimestamp: u'2016-06-10T09:30:55.192-07:00'
 description: u'us-west1-b'
 id: 2211
 kind: u'compute#zone'
 name: u'us-west1-b'
 region: u'https://www.googleapis.com/compute/v1/projects/noxa-142808/regions/us-west1'
 selfLink: u'https://www.googleapis.com/compute/v1/projects/noxa-142808/zones/us-west1-b'
 status: StatusValueValuesEnum(UP, 1)>]
 kind: u'compute#zoneList'
 selfLink: u'https://www.googleapis.com/compute/v1/projects/noxa-142808/zones'>]
2017-01-06 14:45:55,469 INFO     root            Executing: [gcloud config set compute/zone europe-west1-b]
2017-01-06 14:45:55,471 DEBUG    root            Running gcloud.config.set with Namespace(__calliope_internal_deepest_parser=ArgumentParser(prog='gcloud.config.set', usage=None, description='By default, sets the property in your active configuration only. Use the\n`--installation` flag to set the property across all configurations. See\n`gcloud topic configurations` for more information.\n\n## AVAILABLE PROPERTIES\n\n{properties}\n\n## EXAMPLES\n\nTo set the project property in the core section, run:\n\n  $ {command} project myProject\n\nTo set the zone property in the compute section, run:\n\n  $ {command} compute/zone zone3', version=None, formatter_class=<class 'argparse.HelpFormatter'>, conflict_handler='error', add_help=False), account=None, authority_selector=None, authorization_token_file=None, calliope_command=<googlecloudsdk.calliope.backend.Command object at 0x10609e610>, command_path=['gcloud', 'config', 'set'], configuration=None, credential_file_override=None, document=None, flatten=None, format=None, h=None, help=None, http_timeout=None, installation=False, log_http=None, project=None, property='compute/zone', quiet=None, trace_email=None, trace_log=None, trace_token=None, user_output_enabled='false', value=u'europe-west1-b', verbosity='none', version=None).
2017-01-06 14:45:55,473 INFO     ___FILE_ONLY___ Updated property [compute/zone].

2017-01-06 14:45:55,473 INFO     root            Display disabled.
2017-01-06 14:45:55,475 INFO     ___FILE_ONLY___ Your project default Compute Engine zone has been set to [europe-west1-b].
You can change it by running [gcloud config set compute/zone NAME].


2017-01-06 14:45:55,477 DEBUG    root            Loaded Command Group: ['gcloud', 'compute', 'regions']
2017-01-06 14:45:55,479 DEBUG    root            Loaded Command Group: ['gcloud', 'compute', 'regions', 'describe']
2017-01-06 14:45:55,480 INFO     root            Executing: [gcloud compute regions describe europe-west1]
2017-01-06 14:45:55,488 DEBUG    root            Running gcloud.compute.regions.describe with Namespace(__calliope_internal_deepest_parser=ArgumentParser(prog='gcloud.compute.regions.describe', usage=None, description='Describe a Google Compute Engine region.', version=None, formatter_class=<class 'argparse.HelpFormatter'>, conflict_handler='error', add_help=False), account=None, authority_selector=None, authorization_token_file=None, calliope_command=<googlecloudsdk.calliope.backend.Command object at 0x1070f7210>, command_path=['gcloud', 'compute', 'regions', 'describe'], configuration=None, credential_file_override=None, document=None, flatten=None, format=None, h=None, help=None, http_timeout=None, log_http=None, name=u'europe-west1', project=None, quiet=None, trace_email=None, trace_log=None, trace_token=None, user_output_enabled='false', verbosity='none', version=None).
2017-01-06 14:45:55,491 DEBUG    root            Starting batch request...
2017-01-06 14:45:55,491 DEBUG    root            Adding request: (<googlecloudsdk.third_party.apis.compute.v1.compute_v1_client.RegionsService object at 0x1070ea550>, 'Get', <ComputeRegionsGetRequest
 project: 'noxa-142808'
 region: u'europe-west1'>)
2017-01-06 14:45:55,492 DEBUG    root            Making batch request...
2017-01-06 14:45:55,846 DEBUG    root            Batch request done; responses [<Region
 creationTimestamp: u'2016-06-14T17:29:18.761-07:00'
 description: u'europe-west1'
 id: 1100
 kind: u'compute#region'
 name: u'europe-west1'
 quotas: [<Quota
 limit: 72.0
 metric: MetricValueValuesEnum(CPUS, 2)
 usage: 8.0>, <Quota
 limit: 50000.0
 metric: MetricValueValuesEnum(DISKS_TOTAL_GB, 3)
 usage: 610.0>, <Quota
 limit: 21.0
 metric: MetricValueValuesEnum(STATIC_ADDRESSES, 23)
 usage: 0.0>, <Quota
 limit: 69.0
 metric: MetricValueValuesEnum(IN_USE_ADDRESSES, 12)
 usage: 4.0>, <Quota
 limit: 50000.0
 metric: MetricValueValuesEnum(SSD_TOTAL_GB, 21)
 usage: 0.0>, <Quota
 limit: 20000.0
 metric: MetricValueValuesEnum(LOCAL_SSD_TOTAL_GB, 13)
 usage: 0.0>, <Quota
 limit: 300.0
 metric: MetricValueValuesEnum(INSTANCE_GROUPS, 9)
 usage: 2.0>, <Quota
 limit: 150.0
 metric: MetricValueValuesEnum(INSTANCE_GROUP_MANAGERS, 10)
 usage: 1.0>, <Quota
 limit: 720.0
 metric: MetricValueValuesEnum(INSTANCES, 8)
 usage: 4.0>, <Quota
 limit: 150.0
 metric: MetricValueValuesEnum(AUTOSCALERS, 0)
 usage: 0.0>, <Quota
 limit: 100.0
 metric: MetricValueValuesEnum(REGIONAL_AUTOSCALERS, 16)
 usage: 0.0>, <Quota
 limit: 100.0
 metric: MetricValueValuesEnum(REGIONAL_INSTANCE_GROUP_MANAGERS, 17)
 usage: 0.0>]
 selfLink: u'https://www.googleapis.com/compute/v1/projects/noxa-142808/regions/europe-west1'
 status: StatusValueValuesEnum(UP, 1)
 zones: [u'https://www.googleapis.com/compute/v1/projects/noxa-142808/zones/europe-west1-b', u'https://www.googleapis.com/compute/v1/projects/noxa-142808/zones/europe-west1-c', u'https://www.googleapis.com/compute/v1/projects/noxa-142808/zones/europe-west1-d']>]
2017-01-06 14:45:55,878 INFO     root            Display disabled.
2017-01-06 14:45:55,879 INFO     root            Executing: [gcloud config set compute/region europe-west1]
2017-01-06 14:45:55,880 DEBUG    root            Running gcloud.config.set with Namespace(__calliope_internal_deepest_parser=ArgumentParser(prog='gcloud.config.set', usage=None, description='By default, sets the property in your active configuration only. Use the\n`--installation` flag to set the property across all configurations. See\n`gcloud topic configurations` for more information.\n\n## AVAILABLE PROPERTIES\n\n{properties}\n\n## EXAMPLES\n\nTo set the project property in the core section, run:\n\n  $ {command} project myProject\n\nTo set the zone property in the compute section, run:\n\n  $ {command} compute/zone zone3', version=None, formatter_class=<class 'argparse.HelpFormatter'>, conflict_handler='error', add_help=False), account=None, authority_selector=None, authorization_token_file=None, calliope_command=<googlecloudsdk.calliope.backend.Command object at 0x10609e610>, command_path=['gcloud', 'config', 'set'], configuration=None, credential_file_override=None, document=None, flatten=None, format=None, h=None, help=None, http_timeout=None, installation=False, log_http=None, project=None, property='compute/region', quiet=None, trace_email=None, trace_log=None, trace_token=None, user_output_enabled='false', value=u'europe-west1', verbosity='none', version=None).
2017-01-06 14:45:55,880 INFO     ___FILE_ONLY___ Updated property [compute/region].

2017-01-06 14:45:55,880 INFO     root            Display disabled.
2017-01-06 14:45:55,881 INFO     ___FILE_ONLY___ Your project default Compute Engine region has been set to [europe-west1].
You can change it by running [gcloud config set compute/region NAME].


2017-01-06 14:45:55,882 DEBUG    root            Executing command: ['/Users/peterderuijter/Downloads/google-cloud-sdk/bin/gsutil', 'config', '-n', '-o', '/Users/peterderuijter/.boto']
2017-01-06 14:45:57,670 DEBUG    ___FILE_ONLY___ 
2017-01-06 14:45:57,671 DEBUG    ___FILE_ONLY___ This command will create a boto config file at
/Users/peterderuijter/.boto containing your credentials, based on your
responses to the following questions.

Boto config file "/Users/peterderuijter/.boto" created. If you need to
use a proxy to access the Internet please see the instructions in that
file.
Traceback (most recent call last):
  File "<string>", line 1, in <module>
  File "/Users/peterderuijter/Downloads/google-cloud-sdk/platform/gsutil/gslib/__init__.py", line 119, in <module>
    CHECKSUM_FILE, CHECKSUM = _GetFileContents('CHECKSUM')
  File "/Users/peterderuijter/Downloads/google-cloud-sdk/platform/gsutil/gslib/__init__.py", line 107, in _GetFileContents
    content = pkgutil.get_data('gslib', filename)
  File "/usr/local/Cellar/python/2.7.13/Frameworks/Python.framework/Versions/2.7/lib/python2.7/pkgutil.py", line 591, in get_data
    return loader.get_data(resource_name)
  File "/usr/local/Cellar/python/2.7.13/Frameworks/Python.framework/Versions/2.7/lib/python2.7/pkgutil.py", line 255, in get_data
    return open(pathname, "rb").read()
IOError: [Errno 2] No such file or directory: '/Users/peterderuijter/Downloads/google-cloud-sdk/platform/gsutil/gslib/CHECKSUM'

2017-01-06 14:45:57,671 INFO     ___FILE_ONLY___ Created a default .boto configuration file at [/Users/peterderuijter/.boto]. See this file and
[https://cloud.google.com/storage/docs/gsutil/commands/config] for more
information about configuring Google Cloud Storage.

2017-01-06 14:45:57,671 INFO     ___FILE_ONLY___ Your Google Cloud SDK is configured and ready to use!


2017-01-06 14:45:57,671 INFO     ___FILE_ONLY___ * Commands that require authentication will use p.deruijter@youngcapital.nl by default

2017-01-06 14:45:57,672 INFO     ___FILE_ONLY___ * Commands will reference project `noxa-142808` by default

2017-01-06 14:45:57,672 INFO     ___FILE_ONLY___ * Compute Engine commands will use region `europe-west1` by default

2017-01-06 14:45:57,672 INFO     ___FILE_ONLY___ * Compute Engine commands will use zone `europe-west1-b` by default


2017-01-06 14:45:57,672 INFO     ___FILE_ONLY___ Run `gcloud help config` to learn how to change individual settings


2017-01-06 14:45:57,672 INFO     ___FILE_ONLY___ This gcloud configuration is called [default]. You can create additional configurations if you work with multiple accounts and/or projects.

2017-01-06 14:45:57,672 INFO     ___FILE_ONLY___ Run `gcloud topic configurations` to learn more.


2017-01-06 14:45:57,672 INFO     ___FILE_ONLY___ Some things to try next:


2017-01-06 14:45:57,672 INFO     ___FILE_ONLY___ * Run `gcloud --help` to see the Cloud Platform services you can interact with. And run `gcloud help COMMAND` to get help on any gcloud command.

2017-01-06 14:45:57,672 INFO     ___FILE_ONLY___ * Run `gcloud topic -h` to learn about advanced features of the SDK like arg files and output formatting

2017-01-06 14:45:57,673 INFO     root            Display format "default".
2017-01-06 14:45:57,682 DEBUG    root            Metrics reporting process started...
