2017-01-06 14:52:23,831 ERROR    root            (gcloud) too few arguments
2017-01-06 14:52:23,840 DEBUG    root            Loaded Command Group: ['gcloud', 'info']
2017-01-06 14:52:23,845 DEBUG    root            Loaded Command Group: ['gcloud', 'feedback']
2017-01-06 14:52:23,850 DEBUG    root            Loaded Command Group: ['gcloud', 'app']
2017-01-06 14:52:23,852 DEBUG    root            Loaded Command Group: ['gcloud', 'topic']
2017-01-06 14:52:23,854 DEBUG    root            Loaded Command Group: ['gcloud', 'meta']
2017-01-06 14:52:23,857 DEBUG    root            No implementation for release track [GA] in file: [/Users/peterderuijter/Downloads/google-cloud-sdk/lib/surface/datastore/__init__.py]
2017-01-06 14:52:23,858 DEBUG    root            Loaded Command Group: ['gcloud', 'help']
2017-01-06 14:52:23,860 DEBUG    root            Loaded Command Group: ['gcloud', 'iam']
2017-01-06 14:52:23,863 DEBUG    root            No implementation for release track [GA] in file: [/Users/peterderuijter/Downloads/google-cloud-sdk/lib/surface/genomics/__init__.py]
2017-01-06 14:52:23,865 DEBUG    root            No implementation for release track [GA] in file: [/Users/peterderuijter/Downloads/google-cloud-sdk/lib/surface/functions/__init__.py]
2017-01-06 14:52:23,928 DEBUG    root            Loaded Command Group: ['gcloud', 'container']
2017-01-06 14:52:23,932 DEBUG    root            No implementation for release track [GA] in file: [/Users/peterderuijter/Downloads/google-cloud-sdk/lib/surface/billing/__init__.py]
2017-01-06 14:52:23,962 DEBUG    root            Loaded Command Group: ['gcloud', 'source']
2017-01-06 14:52:23,975 DEBUG    root            Loaded Command Group: ['gcloud', 'init']
2017-01-06 14:52:23,977 DEBUG    root            Loaded Command Group: ['gcloud', 'version']
2017-01-06 14:52:23,979 DEBUG    root            Loaded Command Group: ['gcloud', 'projects']
2017-01-06 14:52:23,982 DEBUG    root            Loaded Command Group: ['gcloud', 'dns']
2017-01-06 14:52:23,986 DEBUG    root            No implementation for release track [GA] in file: [/Users/peterderuijter/Downloads/google-cloud-sdk/lib/surface/test/__init__.py]
2017-01-06 14:52:23,988 DEBUG    root            Loaded Command Group: ['gcloud', 'config']
2017-01-06 14:52:23,991 DEBUG    root            No implementation for release track [GA] in file: [/Users/peterderuijter/Downloads/google-cloud-sdk/lib/surface/pubsub/__init__.py]
2017-01-06 14:52:23,995 DEBUG    root            No implementation for release track [GA] in file: [/Users/peterderuijter/Downloads/google-cloud-sdk/lib/surface/bio/__init__.py]
2017-01-06 14:52:23,998 DEBUG    root            No implementation for release track [GA] in file: [/Users/peterderuijter/Downloads/google-cloud-sdk/lib/surface/error_reporting/__init__.py]
2017-01-06 14:52:24,001 DEBUG    root            No implementation for release track [GA] in file: [/Users/peterderuijter/Downloads/google-cloud-sdk/lib/surface/service_registry/__init__.py]
2017-01-06 14:52:24,003 DEBUG    root            Loaded Command Group: ['gcloud', 'dataproc']
2017-01-06 14:52:24,006 DEBUG    root            No implementation for release track [GA] in file: [/Users/peterderuijter/Downloads/google-cloud-sdk/lib/surface/emulators/__init__.py]
2017-01-06 14:52:24,008 DEBUG    root            Loaded Command Group: ['gcloud', 'auth']
2017-01-06 14:52:24,011 DEBUG    root            Loaded Command Group: ['gcloud', 'sql']
2017-01-06 14:52:24,015 DEBUG    root            No implementation for release track [GA] in file: [/Users/peterderuijter/Downloads/google-cloud-sdk/lib/surface/logging/__init__.py]
2017-01-06 14:52:24,017 DEBUG    root            No implementation for release track [GA] in file: [/Users/peterderuijter/Downloads/google-cloud-sdk/lib/surface/bigtable/__init__.py]
2017-01-06 14:52:24,018 DEBUG    root            No implementation for release track [GA] in file: [/Users/peterderuijter/Downloads/google-cloud-sdk/lib/surface/resource_manager/__init__.py]
2017-01-06 14:52:24,019 DEBUG    root            Loaded Command Group: ['gcloud', 'organizations']
2017-01-06 14:52:24,023 DEBUG    root            Loaded Command Group: ['gcloud', 'compute']
2017-01-06 14:52:24,030 DEBUG    root            Loaded Command Group: ['gcloud', 'service_management']
2017-01-06 14:52:24,032 DEBUG    root            No implementation for release track [GA] in file: [/Users/peterderuijter/Downloads/google-cloud-sdk/lib/surface/dataflow/__init__.py]
2017-01-06 14:52:24,033 DEBUG    root            No implementation for release track [GA] in file: [/Users/peterderuijter/Downloads/google-cloud-sdk/lib/surface/ml/__init__.py]
2017-01-06 14:52:24,035 DEBUG    root            Loaded Command Group: ['gcloud', 'components']
2017-01-06 14:52:24,047 DEBUG    root            No implementation for release track [GA] in file: [/Users/peterderuijter/Downloads/google-cloud-sdk/lib/surface/debug/__init__.py]
2017-01-06 14:52:24,051 DEBUG    root            Loaded Command Group: ['gcloud', 'docker']
2017-01-06 14:52:24,054 DEBUG    root            Loaded Command Group: ['gcloud', 'deployment_manager']
2017-01-06 14:52:24,065 DEBUG    root            Metrics reporting process started...
