2017-01-23 15:48:32,247 ERROR    root            (gcloud) too few arguments
2017-01-23 15:48:32,254 DEBUG    root            Loaded Command Group: ['gcloud', 'info']
2017-01-23 15:48:32,257 DEBUG    root            Loaded Command Group: ['gcloud', 'feedback']
2017-01-23 15:48:32,260 DEBUG    root            Loaded Command Group: ['gcloud', 'app']
2017-01-23 15:48:32,262 DEBUG    root            Loaded Command Group: ['gcloud', 'topic']
2017-01-23 15:48:32,263 DEBUG    root            Loaded Command Group: ['gcloud', 'meta']
2017-01-23 15:48:32,265 DEBUG    root            No implementation for release track [GA] in file: [/Users/peterderuijter/Downloads/google-cloud-sdk/lib/surface/datastore/__init__.pyc]
2017-01-23 15:48:32,265 DEBUG    root            Loaded Command Group: ['gcloud', 'help']
2017-01-23 15:48:32,267 DEBUG    root            Loaded Command Group: ['gcloud', 'iam']
2017-01-23 15:48:32,270 DEBUG    root            No implementation for release track [GA] in file: [/Users/peterderuijter/Downloads/google-cloud-sdk/lib/surface/genomics/__init__.pyc]
2017-01-23 15:48:32,271 DEBUG    root            No implementation for release track [GA] in file: [/Users/peterderuijter/Downloads/google-cloud-sdk/lib/surface/functions/__init__.pyc]
2017-01-23 15:48:32,317 DEBUG    root            Loaded Command Group: ['gcloud', 'container']
2017-01-23 15:48:32,321 DEBUG    root            No implementation for release track [GA] in file: [/Users/peterderuijter/Downloads/google-cloud-sdk/lib/surface/billing/__init__.pyc]
2017-01-23 15:48:32,336 DEBUG    root            Loaded Command Group: ['gcloud', 'source']
2017-01-23 15:48:32,349 DEBUG    root            Loaded Command Group: ['gcloud', 'init']
2017-01-23 15:48:32,351 DEBUG    root            Loaded Command Group: ['gcloud', 'version']
2017-01-23 15:48:32,352 DEBUG    root            Loaded Command Group: ['gcloud', 'projects']
2017-01-23 15:48:32,354 DEBUG    root            Loaded Command Group: ['gcloud', 'dns']
2017-01-23 15:48:32,358 DEBUG    root            No implementation for release track [GA] in file: [/Users/peterderuijter/Downloads/google-cloud-sdk/lib/surface/test/__init__.pyc]
2017-01-23 15:48:32,360 DEBUG    root            Loaded Command Group: ['gcloud', 'config']
2017-01-23 15:48:32,361 DEBUG    root            No implementation for release track [GA] in file: [/Users/peterderuijter/Downloads/google-cloud-sdk/lib/surface/pubsub/__init__.pyc]
2017-01-23 15:48:32,363 DEBUG    root            No implementation for release track [GA] in file: [/Users/peterderuijter/Downloads/google-cloud-sdk/lib/surface/bio/__init__.pyc]
2017-01-23 15:48:32,366 DEBUG    root            No implementation for release track [GA] in file: [/Users/peterderuijter/Downloads/google-cloud-sdk/lib/surface/error_reporting/__init__.pyc]
2017-01-23 15:48:32,368 DEBUG    root            No implementation for release track [GA] in file: [/Users/peterderuijter/Downloads/google-cloud-sdk/lib/surface/service_registry/__init__.pyc]
2017-01-23 15:48:32,369 DEBUG    root            Loaded Command Group: ['gcloud', 'dataproc']
2017-01-23 15:48:32,371 DEBUG    root            No implementation for release track [GA] in file: [/Users/peterderuijter/Downloads/google-cloud-sdk/lib/surface/emulators/__init__.pyc]
2017-01-23 15:48:32,372 DEBUG    root            Loaded Command Group: ['gcloud', 'auth']
2017-01-23 15:48:32,374 DEBUG    root            Loaded Command Group: ['gcloud', 'sql']
2017-01-23 15:48:32,377 DEBUG    root            No implementation for release track [GA] in file: [/Users/peterderuijter/Downloads/google-cloud-sdk/lib/surface/logging/__init__.pyc]
2017-01-23 15:48:32,378 DEBUG    root            No implementation for release track [GA] in file: [/Users/peterderuijter/Downloads/google-cloud-sdk/lib/surface/bigtable/__init__.pyc]
2017-01-23 15:48:32,378 DEBUG    root            No implementation for release track [GA] in file: [/Users/peterderuijter/Downloads/google-cloud-sdk/lib/surface/resource_manager/__init__.pyc]
2017-01-23 15:48:32,379 DEBUG    root            Loaded Command Group: ['gcloud', 'organizations']
2017-01-23 15:48:32,382 DEBUG    root            Loaded Command Group: ['gcloud', 'compute']
2017-01-23 15:48:32,391 DEBUG    root            Loaded Command Group: ['gcloud', 'service_management']
2017-01-23 15:48:32,394 DEBUG    root            No implementation for release track [GA] in file: [/Users/peterderuijter/Downloads/google-cloud-sdk/lib/surface/dataflow/__init__.pyc]
2017-01-23 15:48:32,395 DEBUG    root            No implementation for release track [GA] in file: [/Users/peterderuijter/Downloads/google-cloud-sdk/lib/surface/ml/__init__.pyc]
2017-01-23 15:48:32,395 DEBUG    root            Loaded Command Group: ['gcloud', 'components']
2017-01-23 15:48:32,401 DEBUG    root            No implementation for release track [GA] in file: [/Users/peterderuijter/Downloads/google-cloud-sdk/lib/surface/debug/__init__.pyc]
2017-01-23 15:48:32,402 DEBUG    root            Loaded Command Group: ['gcloud', 'docker']
2017-01-23 15:48:32,404 DEBUG    root            Loaded Command Group: ['gcloud', 'deployment_manager']
2017-01-23 15:48:32,414 DEBUG    root            Metrics reporting process started...
